<<<<<<< Updated upstream
<?xml version="1.0" encoding="UTF-8"?>
<testsuite xmlns:xsi="http://www.w3.org/2001/XMLSchema-instance" xsi:noNamespaceSchemaLocation="https://maven.apache.org/surefire/maven-surefire-plugin/xsd/surefire-test-report.xsd" name="velcro.main.cliTest" time="0" tests="6" errors="0" skipped="0" failures="0">
  <properties>
    <property name="gopherProxySet" value="false"/>
    <property name="awt.toolkit" value="sun.lwawt.macosx.LWCToolkit"/>
    <property name="java.specification.version" value="11"/>
    <property name="sun.cpu.isalist" value=""/>
    <property name="sun.jnu.encoding" value="UTF-8"/>
    <property name="java.class.path" value="/Users/b.wagenlehner/Developer/UNI_CODE/UNI_Millersville/Modul_SOFTWARE_Engineering/UNI_Repos/SOFTWARE_Engineering/GIT_Repos/2022fa-420-Velcro/target/test-classes:/Users/b.wagenlehner/Developer/UNI_CODE/UNI_Millersville/Modul_SOFTWARE_Engineering/UNI_Repos/SOFTWARE_Engineering/GIT_Repos/2022fa-420-Velcro/target/classes:/Users/b.wagenlehner/.m2/repository/com/google/code/gson/gson/2.9.1/gson-2.9.1.jar:/Users/b.wagenlehner/.m2/repository/commons-io/commons-io/20030203.000550/commons-io-20030203.000550.jar:/Users/b.wagenlehner/.m2/repository/org/apache/maven/doxia/doxia-sink-api/2.0.0-M3/doxia-sink-api-2.0.0-M3.jar:/Users/b.wagenlehner/.m2/repository/junit/junit/4.13.1/junit-4.13.1.jar:/Users/b.wagenlehner/.m2/repository/org/hamcrest/hamcrest-core/1.3/hamcrest-core-1.3.jar:"/>
    <property name="java.vm.vendor" value="BellSoft"/>
    <property name="sun.arch.data.model" value="64"/>
    <property name="java.vendor.url" value="https://bell-sw.com/"/>
    <property name="user.timezone" value=""/>
    <property name="java.vm.specification.version" value="11"/>
    <property name="os.name" value="Mac OS X"/>
    <property name="sun.java.launcher" value="SUN_STANDARD"/>
    <property name="user.country" value="DE"/>
    <property name="sun.boot.library.path" value="/Users/b.wagenlehner/Library/Java/JavaVirtualMachines/liberica-11.0.13/lib"/>
    <property name="sun.java.command" value="/Users/b.wagenlehner/Developer/UNI_CODE/UNI_Millersville/Modul_SOFTWARE_Engineering/UNI_Repos/SOFTWARE_Engineering/GIT_Repos/2022fa-420-Velcro/target/surefire/surefirebooter10743370092574939491.jar /Users/b.wagenlehner/Developer/UNI_CODE/UNI_Millersville/Modul_SOFTWARE_Engineering/UNI_Repos/SOFTWARE_Engineering/GIT_Repos/2022fa-420-Velcro/target/surefire 2022-11-09T11-44-06_634-jvmRun1 surefire2903400450560696994tmp surefire_02954407979434155020tmp"/>
    <property name="jdk.debug" value="release"/>
    <property name="surefire.test.class.path" value="/Users/b.wagenlehner/Developer/UNI_CODE/UNI_Millersville/Modul_SOFTWARE_Engineering/UNI_Repos/SOFTWARE_Engineering/GIT_Repos/2022fa-420-Velcro/target/test-classes:/Users/b.wagenlehner/Developer/UNI_CODE/UNI_Millersville/Modul_SOFTWARE_Engineering/UNI_Repos/SOFTWARE_Engineering/GIT_Repos/2022fa-420-Velcro/target/classes:/Users/b.wagenlehner/.m2/repository/com/google/code/gson/gson/2.9.1/gson-2.9.1.jar:/Users/b.wagenlehner/.m2/repository/commons-io/commons-io/20030203.000550/commons-io-20030203.000550.jar:/Users/b.wagenlehner/.m2/repository/org/apache/maven/doxia/doxia-sink-api/2.0.0-M3/doxia-sink-api-2.0.0-M3.jar:/Users/b.wagenlehner/.m2/repository/junit/junit/4.13.1/junit-4.13.1.jar:/Users/b.wagenlehner/.m2/repository/org/hamcrest/hamcrest-core/1.3/hamcrest-core-1.3.jar:"/>
    <property name="sun.cpu.endian" value="little"/>
    <property name="user.home" value="/Users/b.wagenlehner"/>
    <property name="user.language" value="de"/>
    <property name="java.specification.vendor" value="Oracle Corporation"/>
    <property name="java.version.date" value="2021-10-19"/>
    <property name="java.home" value="/Users/b.wagenlehner/Library/Java/JavaVirtualMachines/liberica-11.0.13"/>
    <property name="file.separator" value="/"/>
    <property name="basedir" value="/Users/b.wagenlehner/Developer/UNI_CODE/UNI_Millersville/Modul_SOFTWARE_Engineering/UNI_Repos/SOFTWARE_Engineering/GIT_Repos/2022fa-420-Velcro"/>
    <property name="java.vm.compressedOopsMode" value="Zero based"/>
    <property name="line.separator" value="&#10;"/>
    <property name="java.specification.name" value="Java Platform API Specification"/>
    <property name="java.vm.specification.vendor" value="Oracle Corporation"/>
    <property name="java.awt.graphicsenv" value="sun.awt.CGraphicsEnvironment"/>
    <property name="surefire.real.class.path" value="/Users/b.wagenlehner/Developer/UNI_CODE/UNI_Millersville/Modul_SOFTWARE_Engineering/UNI_Repos/SOFTWARE_Engineering/GIT_Repos/2022fa-420-Velcro/target/surefire/surefirebooter10743370092574939491.jar"/>
    <property name="sun.management.compiler" value="HotSpot 64-Bit Tiered Compilers"/>
    <property name="java.runtime.version" value="11.0.13+8-LTS"/>
    <property name="user.name" value="b.wagenlehner"/>
    <property name="path.separator" value=":"/>
    <property name="os.version" value="13.0"/>
    <property name="java.runtime.name" value="OpenJDK Runtime Environment"/>
    <property name="file.encoding" value="UTF-8"/>
    <property name="java.vm.name" value="OpenJDK 64-Bit Server VM"/>
    <property name="localRepository" value="/Users/b.wagenlehner/.m2/repository"/>
    <property name="java.vendor.url.bug" value="https://bell-sw.com/support"/>
    <property name="java.io.tmpdir" value="/var/folders/p8/b_06tdbd1m75dx5vyz0z4khm0000gn/T/"/>
    <property name="idea.version" value="2022.2.3"/>
    <property name="java.version" value="11.0.13"/>
    <property name="user.dir" value="/Users/b.wagenlehner/Developer/UNI_CODE/UNI_Millersville/Modul_SOFTWARE_Engineering/UNI_Repos/SOFTWARE_Engineering/GIT_Repos/2022fa-420-Velcro"/>
    <property name="os.arch" value="aarch64"/>
    <property name="java.vm.specification.name" value="Java Virtual Machine Specification"/>
    <property name="java.awt.printerjob" value="sun.lwawt.macosx.CPrinterJob"/>
    <property name="sun.os.patch.level" value="unknown"/>
    <property name="java.library.path" value="/Users/b.wagenlehner/Library/Java/Extensions:/Library/Java/Extensions:/Network/Library/Java/Extensions:/System/Library/Java/Extensions:/usr/lib/java:."/>
    <property name="java.vm.info" value="mixed mode"/>
    <property name="java.vendor" value="BellSoft"/>
    <property name="java.vm.version" value="11.0.13+8-LTS"/>
    <property name="sun.io.unicode.encoding" value="UnicodeBig"/>
    <property name="java.class.version" value="55.0"/>
  </properties>
  <testcase name="executeProgram" classname="velcro.main.cliTest" time="0"/>
  <testcase name="search" classname="velcro.main.cliTest" time="0"/>
  <testcase name="printPrompt" classname="velcro.main.cliTest" time="0"/>
  <testcase name="main" classname="velcro.main.cliTest" time="0"/>
  <testcase name="roboPrint" classname="velcro.main.cliTest" time="0"/>
  <testcase name="printCommand" classname="velcro.main.cliTest" time="0"/>
=======
<?xml version="1.0" encoding="UTF-8" ?>
<testsuite tests="6" failures="0" name="velcro.main.cliTest" time="0.001" errors="0" skipped="0">
  <properties>
    <property name="idea.version" value="2022.2.3"/>
    <property name="java.runtime.name" value="OpenJDK Runtime Environment"/>
    <property name="java.vm.version" value="11.0.13+8-LTS"/>
    <property name="sun.boot.library.path" value="/Users/b.wagenlehner/Library/Java/JavaVirtualMachines/liberica-11.0.13/lib"/>
    <property name="gopherProxySet" value="false"/>
    <property name="maven.multiModuleProjectDirectory" value="/Users/b.wagenlehner/Developer/UNI_CODE/UNI_Millersville/Modul_SOFTWARE_Engineering/UNI_Repos/SOFTWARE_Engineering/GIT_Repos/2022fa-420-Velcro"/>
    <property name="java.vm.vendor" value="BellSoft"/>
    <property name="java.vendor.url" value="https://bell-sw.com/"/>
    <property name="guice.disable.misplaced.annotation.check" value="true"/>
    <property name="path.separator" value=":"/>
    <property name="java.vm.name" value="OpenJDK 64-Bit Server VM"/>
    <property name="sun.os.patch.level" value="unknown"/>
    <property name="user.country" value="DE"/>
    <property name="sun.java.launcher" value="SUN_STANDARD"/>
    <property name="java.vm.specification.name" value="Java Virtual Machine Specification"/>
    <property name="user.dir" value="/Users/b.wagenlehner/Developer/UNI_CODE/UNI_Millersville/Modul_SOFTWARE_Engineering/UNI_Repos/SOFTWARE_Engineering/GIT_Repos/2022fa-420-Velcro"/>
    <property name="java.vm.compressedOopsMode" value="Zero based"/>
    <property name="java.runtime.version" value="11.0.13+8-LTS"/>
    <property name="java.awt.graphicsenv" value="sun.awt.CGraphicsEnvironment"/>
    <property name="os.arch" value="aarch64"/>
    <property name="java.io.tmpdir" value="/var/folders/p8/b_06tdbd1m75dx5vyz0z4khm0000gn/T/"/>
    <property name="line.separator" value="
"/>
    <property name="java.vm.specification.vendor" value="Oracle Corporation"/>
    <property name="os.name" value="Mac OS X"/>
    <property name="maven.ext.class.path" value="/Applications/IntelliJ IDEA CE.app/Contents/plugins/maven/lib/maven-event-listener.jar"/>
    <property name="classworlds.conf" value="/usr/local/Cellar/maven/3.8.6/libexec/bin/m2.conf"/>
    <property name="sun.jnu.encoding" value="UTF-8"/>
    <property name="java.library.path" value="/Users/b.wagenlehner/Library/Java/Extensions:/Library/Java/Extensions:/Network/Library/Java/Extensions:/System/Library/Java/Extensions:/usr/lib/java:."/>
    <property name="maven.conf" value="/usr/local/Cellar/maven/3.8.6/libexec/conf"/>
    <property name="jdk.debug" value="release"/>
    <property name="java.class.version" value="55.0"/>
    <property name="java.specification.name" value="Java Platform API Specification"/>
    <property name="sun.management.compiler" value="HotSpot 64-Bit Tiered Compilers"/>
    <property name="os.version" value="13.0"/>
    <property name="user.home" value="/Users/b.wagenlehner"/>
    <property name="user.timezone" value="America/New_York"/>
    <property name="java.awt.printerjob" value="sun.lwawt.macosx.CPrinterJob"/>
    <property name="file.encoding" value="UTF-8"/>
    <property name="java.specification.version" value="11"/>
    <property name="user.name" value="b.wagenlehner"/>
    <property name="java.class.path" value="/usr/local/Cellar/maven/3.8.6/libexec/boot/plexus-classworlds.license:/usr/local/Cellar/maven/3.8.6/libexec/boot/plexus-classworlds-2.6.0.jar"/>
    <property name="java.vm.specification.version" value="11"/>
    <property name="sun.arch.data.model" value="64"/>
    <property name="sun.java.command" value="org.codehaus.classworlds.Launcher -Didea.version=2022.2.3 test"/>
    <property name="java.home" value="/Users/b.wagenlehner/Library/Java/JavaVirtualMachines/liberica-11.0.13"/>
    <property name="user.language" value="de"/>
    <property name="java.specification.vendor" value="Oracle Corporation"/>
    <property name="awt.toolkit" value="sun.lwawt.macosx.LWCToolkit"/>
    <property name="java.vm.info" value="mixed mode"/>
    <property name="java.version" value="11.0.13"/>
    <property name="java.vendor" value="BellSoft"/>
    <property name="maven.home" value="/usr/local/Cellar/maven/3.8.6/libexec"/>
    <property name="file.separator" value="/"/>
    <property name="java.version.date" value="2021-10-19"/>
    <property name="java.vendor.url.bug" value="https://bell-sw.com/support"/>
    <property name="sun.io.unicode.encoding" value="UnicodeBig"/>
    <property name="sun.cpu.endian" value="little"/>
    <property name="sun.cpu.isalist" value=""/>
  </properties>
  <testcase classname="velcro.main.cliTest" name="executeProgram" time="0"/>
  <testcase classname="velcro.main.cliTest" name="search" time="0"/>
  <testcase classname="velcro.main.cliTest" name="printPrompt" time="0"/>
  <testcase classname="velcro.main.cliTest" name="main" time="0.001"/>
  <testcase classname="velcro.main.cliTest" name="roboPrint" time="0"/>
  <testcase classname="velcro.main.cliTest" name="printCommand" time="0"/>
>>>>>>> Stashed changes
</testsuite>