<?xml version="1.0" encoding="UTF-8"?>
<testsuite xmlns:xsi="http://www.w3.org/2001/XMLSchema-instance" xsi:noNamespaceSchemaLocation="https://maven.apache.org/surefire/maven-surefire-plugin/xsd/surefire-test-report.xsd" name="velcro.Model.ZLineTest" time="0" tests="2" errors="0" skipped="0" failures="0">
  <properties>
    <property name="java.specification.version" value="18"/>
    <property name="sun.jnu.encoding" value="UTF-8"/>
    <property name="java.class.path" value="/Users/b.wagenlehner/Developer/UNI_CODE/UNI_Millersville/Modul_SOFTWARE_Engineering/UNI_Repos/SOFTWARE_Engineering/GIT_Repos/2022fa-420-Velcro/target/test-classes:/Users/b.wagenlehner/Developer/UNI_CODE/UNI_Millersville/Modul_SOFTWARE_Engineering/UNI_Repos/SOFTWARE_Engineering/GIT_Repos/2022fa-420-Velcro/target/classes:/Users/b.wagenlehner/.m2/repository/com/google/code/gson/gson/2.9.1/gson-2.9.1.jar:/Users/b.wagenlehner/.m2/repository/commons-io/commons-io/20030203.000550/commons-io-20030203.000550.jar:/Users/b.wagenlehner/.m2/repository/org/apache/maven/doxia/doxia-sink-api/2.0.0-M3/doxia-sink-api-2.0.0-M3.jar:/Users/b.wagenlehner/.m2/repository/junit/junit/4.13.1/junit-4.13.1.jar:/Users/b.wagenlehner/.m2/repository/org/hamcrest/hamcrest-core/1.3/hamcrest-core-1.3.jar:"/>
    <property name="java.vm.vendor" value="Oracle Corporation"/>
    <property name="sun.arch.data.model" value="64"/>
    <property name="java.vendor.url" value="https://java.oracle.com/"/>
    <property name="os.name" value="Mac OS X"/>
    <property name="java.vm.specification.version" value="18"/>
    <property name="sun.java.launcher" value="SUN_STANDARD"/>
    <property name="user.country" value="DE"/>
    <property name="sun.boot.library.path" value="/Users/b.wagenlehner/Library/Java/JavaVirtualMachines/openjdk-18.0.1.1/Contents/Home/lib"/>
    <property name="sun.java.command" value="/Users/b.wagenlehner/Developer/UNI_CODE/UNI_Millersville/Modul_SOFTWARE_Engineering/UNI_Repos/SOFTWARE_Engineering/GIT_Repos/2022fa-420-Velcro/target/surefire/surefirebooter1875254760834598567.jar /Users/b.wagenlehner/Developer/UNI_CODE/UNI_Millersville/Modul_SOFTWARE_Engineering/UNI_Repos/SOFTWARE_Engineering/GIT_Repos/2022fa-420-Velcro/target/surefire 2022-11-09T16-37-14_412-jvmRun1 surefire10975642945089331796tmp surefire_05067213303696821479tmp"/>
    <property name="jdk.debug" value="release"/>
    <property name="surefire.test.class.path" value="/Users/b.wagenlehner/Developer/UNI_CODE/UNI_Millersville/Modul_SOFTWARE_Engineering/UNI_Repos/SOFTWARE_Engineering/GIT_Repos/2022fa-420-Velcro/target/test-classes:/Users/b.wagenlehner/Developer/UNI_CODE/UNI_Millersville/Modul_SOFTWARE_Engineering/UNI_Repos/SOFTWARE_Engineering/GIT_Repos/2022fa-420-Velcro/target/classes:/Users/b.wagenlehner/.m2/repository/com/google/code/gson/gson/2.9.1/gson-2.9.1.jar:/Users/b.wagenlehner/.m2/repository/commons-io/commons-io/20030203.000550/commons-io-20030203.000550.jar:/Users/b.wagenlehner/.m2/repository/org/apache/maven/doxia/doxia-sink-api/2.0.0-M3/doxia-sink-api-2.0.0-M3.jar:/Users/b.wagenlehner/.m2/repository/junit/junit/4.13.1/junit-4.13.1.jar:/Users/b.wagenlehner/.m2/repository/org/hamcrest/hamcrest-core/1.3/hamcrest-core-1.3.jar:"/>
    <property name="sun.cpu.endian" value="little"/>
    <property name="user.home" value="/Users/b.wagenlehner"/>
    <property name="user.language" value="de"/>
    <property name="java.specification.vendor" value="Oracle Corporation"/>
    <property name="java.version.date" value="2022-04-22"/>
    <property name="java.home" value="/Users/b.wagenlehner/Library/Java/JavaVirtualMachines/openjdk-18.0.1.1/Contents/Home"/>
    <property name="file.separator" value="/"/>
    <property name="basedir" value="/Users/b.wagenlehner/Developer/UNI_CODE/UNI_Millersville/Modul_SOFTWARE_Engineering/UNI_Repos/SOFTWARE_Engineering/GIT_Repos/2022fa-420-Velcro"/>
    <property name="java.vm.compressedOopsMode" value="Zero based"/>
    <property name="line.separator" value="&#10;"/>
    <property name="java.vm.specification.vendor" value="Oracle Corporation"/>
    <property name="java.specification.name" value="Java Platform API Specification"/>
    <property name="apple.awt.application.name" value="ForkedBooter"/>
    <property name="surefire.real.class.path" value="/Users/b.wagenlehner/Developer/UNI_CODE/UNI_Millersville/Modul_SOFTWARE_Engineering/UNI_Repos/SOFTWARE_Engineering/GIT_Repos/2022fa-420-Velcro/target/surefire/surefirebooter1875254760834598567.jar"/>
    <property name="sun.management.compiler" value="HotSpot 64-Bit Tiered Compilers"/>
    <property name="java.runtime.version" value="18.0.1.1+2-6"/>
    <property name="user.name" value="b.wagenlehner"/>
    <property name="path.separator" value=":"/>
    <property name="os.version" value="13.0"/>
    <property name="java.runtime.name" value="OpenJDK Runtime Environment"/>
    <property name="file.encoding" value="UTF-8"/>
    <property name="java.vm.name" value="OpenJDK 64-Bit Server VM"/>
    <property name="localRepository" value="/Users/b.wagenlehner/.m2/repository"/>
    <property name="java.vendor.url.bug" value="https://bugreport.java.com/bugreport/"/>
    <property name="java.io.tmpdir" value="/var/folders/p8/b_06tdbd1m75dx5vyz0z4khm0000gn/T/"/>
    <property name="idea.version" value="2022.2.3"/>
    <property name="java.version" value="18.0.1.1"/>
    <property name="user.dir" value="/Users/b.wagenlehner/Developer/UNI_CODE/UNI_Millersville/Modul_SOFTWARE_Engineering/UNI_Repos/SOFTWARE_Engineering/GIT_Repos/2022fa-420-Velcro"/>
    <property name="os.arch" value="aarch64"/>
    <property name="java.vm.specification.name" value="Java Virtual Machine Specification"/>
    <property name="native.encoding" value="UTF-8"/>
    <property name="java.library.path" value="/Users/b.wagenlehner/Library/Java/Extensions:/Library/Java/Extensions:/Network/Library/Java/Extensions:/System/Library/Java/Extensions:/usr/lib/java:."/>
    <property name="java.vm.info" value="mixed mode, sharing"/>
    <property name="java.vendor" value="Oracle Corporation"/>
    <property name="java.vm.version" value="18.0.1.1+2-6"/>
    <property name="sun.io.unicode.encoding" value="UnicodeBig"/>
    <property name="java.class.version" value="62.0"/>
  </properties>
  <testcase name="getCenter" classname="velcro.Model.ZLineTest" time="0"/>
  <testcase name="setType" classname="velcro.Model.ZLineTest" time="0"/>
</testsuite>